Fri 06 May 2022 19:58:36 INFO  
General Hyper Parameters:
gpu_id = 0
use_gpu = True
seed = 2020
reproducibility = True
state = INFO
data_path = dataset/WSDream-1
checkpoint_dir = saved
show_progress = True

Training Hyper Parameters:
epochs = 200
train_batch_size = 128
learner = adam
learning_rate = 0.001
weight_decay = 0.0
eval_step = 10
stopping_step = None
loss_decimal_place = 4

Evaluation Hyper Parameters:
metrics = ['MAE', 'MSE', 'RMSE']
eval_batch_size = 128
metric_decimal_place = 4

Dataset Hyper Parameters:
NUM_USERS = 339
NUM_SERVICES = 5825

Other Hyper Parameters: 
density = [0.05, 0.1, 0.15, 0.2]
dataset_type = ['rt', 'tp']
mf_embedding_size = 64
mlp_embedding_size = 64
mlp_hidden_size = [128, 64]
dropout_prob = 0.1
mf_train = True
mlp_train = True
use_pretrain = False
mf_pretrain_path = None
mlp_pretrain_path = None
MODEL_TYPE = ModelType.GENERAL
INPUT_TYPE = InputType.MATRIX
device = cuda


