Sun 08 May 2022 16:01:46 INFO  
General Hyper Parameters:
gpu_id = 0
use_gpu = True
seed = 2020
reproducibility = True
state = INFO
data_path = D:\SHUlpt\Code\QoS-Predcition-Algorithm-library\dataset\WSDream-1
checkpoint_dir = saved
show_progress = True

Training Hyper Parameters:
epochs = 200
train_batch_size = 128
learner = adam
learning_rate = 0.001
weight_decay = 0.0
eval_step = 10
stopping_step = None
loss_decimal_place = 4

Evaluation Hyper Parameters:
metrics = ['MAE', 'MSE', 'RMSE']
eval_batch_size = 128
metric_decimal_place = 4

Other Hyper Parameters: 
density = [0.05, 0.1, 0.15, 0.2]
dataset_type = ['rt', 'tp']
gmf_embedding_size = 64
mlp_embedding_size = 64
mlp_hidden_size = [64, 32, 16]
dropout_prob = 0.1
gmf_train = True
mlp_train = True
use_pretrain = False
mf_pretrain_path = None
mlp_pretrain_path = None
MODEL_TYPE = ModelType.GENERAL
MODEL_INPUT_TYPE = InputType.MATRIX
device = cuda


Sun 08 May 2022 16:01:59 INFO  NeuMF(
  (user_gmf_embedding): Embedding(339, 64)
  (item_gmf_embedding): Embedding(5825, 64)
  (user_mlp_embedding): Embedding(339, 64)
  (item_mlp_embedding): Embedding(5825, 64)
  (mlp_layers): MLPLayers(
    (mlp_layers): Sequential(
      (0): Dropout(p=0.1, inplace=False)
      (1): Linear(in_features=128, out_features=64, bias=True)
      (2): ReLU()
      (3): Dropout(p=0.1, inplace=False)
      (4): Linear(in_features=64, out_features=32, bias=True)
      (5): ReLU()
      (6): Dropout(p=0.1, inplace=False)
      (7): Linear(in_features=32, out_features=16, bias=True)
      (8): ReLU()
    )
  )
  (predict_layer): Linear(in_features=80, out_features=1, bias=True)
  (loss): L1Loss()
)
Trainable parameters:799937
